<?xml version="1.0" encoding="UTF-8"?>
<!-- Generated by org.testng.reporters.JUnitXMLReporter -->
<testsuite hostname="PC-201702110318" ignored="0" name="Default test" tests="3" failures="0" timestamp="20 四月 2018 07:28:09 GMT" time="31.487" errors="0">
  <testcase name="ss" time="3.471" classname="CTestNG.C_3_lianxi"/>
  <testcase name="ss1" time="3.403" classname="CTestNG.C_3_lianxi"/>
  <testcase name="ss2" time="3.436" classname="CTestNG.C_3_lianxi"/>
</testsuite> <!-- Default test -->
