<?xml version="1.0" encoding="UTF-8"?>
<!-- Generated by org.testng.reporters.JUnitXMLReporter -->
<testsuite hostname="PC-201702110318" ignored="2" name="test1" tests="1" failures="1" timestamp="16 五月 2018 09:04:09 GMT" time="0.05" errors="0">
  <testcase name="ss1" time="0.017" classname="CTestNG.C_3_lianxi">
    <failure type="java.lang.NullPointerException">
      <![CDATA[java.lang.NullPointerException
at CTestNG.C_3_lianxi.ss1(C_3_lianxi.java:34)
... Removed 25 stack frames]]>
    </failure>
  </testcase> <!-- ss1 -->
  <testcase name="ss2" time="0.0" classname="CTestNG.C_3_lianxi">
    <ignored/>
  </testcase> <!-- ss2 -->
  <testcase name="ss" time="0.0" classname="CTestNG.C_3_lianxi">
    <ignored/>
  </testcase> <!-- ss -->
</testsuite> <!-- test1 -->
