<?xml version="1.0" encoding="UTF-8"?>
<testng-results skipped="0" failed="1" ignored="2" total="3" passed="0">
  <reporter-output>
  </reporter-output>
  <suite name="suite1" duration-ms="50" started-at="2018-05-16T09:04:09Z" finished-at="2018-05-16T09:04:09Z">
    <groups>
      <group name="test2">
        <method signature="C_3_lianxi.ss1()[pri:0, instance:CTestNG.C_3_lianxi@5e3a8624]" name="ss1" class="CTestNG.C_3_lianxi"/>
      </group> <!-- test2 -->
      <group name="test1">
        <method signature="C_3_lianxi.ss1()[pri:0, instance:CTestNG.C_3_lianxi@5e3a8624]" name="ss1" class="CTestNG.C_3_lianxi"/>
      </group> <!-- test1 -->
    </groups>
    <test name="test1" duration-ms="50" started-at="2018-05-16T09:04:09Z" finished-at="2018-05-16T09:04:09Z">
      <class name="CTestNG.C_3_lianxi">
        <test-method status="FAIL" signature="ss1()[pri:0, instance:CTestNG.C_3_lianxi@5e3a8624]" name="ss1" duration-ms="17" started-at="2018-05-16T09:04:09Z" finished-at="2018-05-16T09:04:09Z">
          <exception class="java.lang.NullPointerException">
            <full-stacktrace>
              <![CDATA[java.lang.NullPointerException
at CTestNG.C_3_lianxi.ss1(C_3_lianxi.java:34)
at sun.reflect.NativeMethodAccessorImpl.invoke0(Native Method)
at sun.reflect.NativeMethodAccessorImpl.invoke(NativeMethodAccessorImpl.java:62)
at sun.reflect.DelegatingMethodAccessorImpl.invoke(DelegatingMethodAccessorImpl.java:43)
at java.lang.reflect.Method.invoke(Method.java:483)
at org.testng.internal.MethodInvocationHelper.invokeMethod(MethodInvocationHelper.java:124)
at org.testng.internal.Invoker.invokeMethod(Invoker.java:580)
at org.testng.internal.Invoker.invokeTestMethod(Invoker.java:716)
at org.testng.internal.Invoker.invokeTestMethods(Invoker.java:988)
at org.testng.internal.TestMethodWorker.invokeTestMethods(TestMethodWorker.java:125)
at org.testng.internal.TestMethodWorker.run(TestMethodWorker.java:109)
at org.testng.TestRunner.privateRun(TestRunner.java:648)
at org.testng.TestRunner.run(TestRunner.java:505)
at org.testng.SuiteRunner.runTest(SuiteRunner.java:455)
at org.testng.SuiteRunner.runSequentially(SuiteRunner.java:450)
at org.testng.SuiteRunner.privateRun(SuiteRunner.java:415)
at org.testng.SuiteRunner.run(SuiteRunner.java:364)
at org.testng.SuiteRunnerWorker.runSuite(SuiteRunnerWorker.java:52)
at org.testng.SuiteRunnerWorker.run(SuiteRunnerWorker.java:84)
at org.testng.TestNG.runSuitesSequentially(TestNG.java:1208)
at org.testng.TestNG.runSuitesLocally(TestNG.java:1137)
at org.testng.TestNG.runSuites(TestNG.java:1049)
at org.testng.TestNG.run(TestNG.java:1017)
at org.testng.remote.AbstractRemoteTestNG.run(AbstractRemoteTestNG.java:114)
at org.testng.remote.RemoteTestNG.initAndRun(RemoteTestNG.java:251)
at org.testng.remote.RemoteTestNG.main(RemoteTestNG.java:77)
]]>
            </full-stacktrace>
          </exception> <!-- java.lang.NullPointerException -->
          <reporter-output>
          </reporter-output>
        </test-method> <!-- ss1 -->
      </class> <!-- CTestNG.C_3_lianxi -->
    </test> <!-- test1 -->
  </suite> <!-- suite1 -->
</testng-results>
