<?xml version="1.0" encoding="UTF-8"?>
<testng-results skipped="0" failed="0" ignored="0" total="2" passed="2">
  <reporter-output>
  </reporter-output>
  <suite name="Default suite" duration-ms="22609" started-at="2018-05-15T01:42:20Z" finished-at="2018-05-15T01:42:42Z">
    <groups>
    </groups>
    <test name="Default test" duration-ms="22609" started-at="2018-05-15T01:42:20Z" finished-at="2018-05-15T01:42:42Z">
      <class name="com.zendao.LoginTest">
        <test-method status="PASS" signature="setUp()[pri:0, instance:com.zendao.LoginTest@6a41eaa2]" name="setUp" is-config="true" duration-ms="4065" started-at="2018-05-15T01:42:20Z" finished-at="2018-05-15T01:42:24Z">
          <reporter-output>
          </reporter-output>
        </test-method> <!-- setUp -->
        <test-method status="PASS" signature="LoginTest01()[pri:0, instance:com.zendao.LoginTest@6a41eaa2]" name="LoginTest01" duration-ms="8949" started-at="2018-05-15T01:42:24Z" finished-at="2018-05-15T01:42:33Z">
          <reporter-output>
          </reporter-output>
        </test-method> <!-- LoginTest01 -->
        <test-method status="PASS" signature="LoginTest02()[pri:0, instance:com.zendao.LoginTest@6a41eaa2]" name="LoginTest02" duration-ms="8824" started-at="2018-05-15T01:42:33Z" finished-at="2018-05-15T01:42:42Z">
          <reporter-output>
          </reporter-output>
        </test-method> <!-- LoginTest02 -->
        <test-method status="PASS" signature="tearDown()[pri:0, instance:com.zendao.LoginTest@6a41eaa2]" name="tearDown" is-config="true" duration-ms="733" started-at="2018-05-15T01:42:42Z" finished-at="2018-05-15T01:42:42Z">
          <reporter-output>
          </reporter-output>
        </test-method> <!-- tearDown -->
      </class> <!-- com.zendao.LoginTest -->
    </test> <!-- Default test -->
  </suite> <!-- Default suite -->
</testng-results>
