<?xml version="1.0" encoding="UTF-8"?>
<!-- Generated by org.testng.reporters.JUnitXMLReporter -->
<testsuite hostname="PC-201702110318" ignored="0" name="test1" tests="3" failures="0" timestamp="16 五月 2018 12:39:00 GMT" time="42.54" errors="0">
  <testcase name="f" time="6.245" classname="com.tset.casees.Auto_1_Baidu_casees"/>
  <testcase name="f" time="6.214" classname="com.tset.casees.Auto_1_Baidu_casees"/>
  <testcase name="f" time="6.215" classname="com.tset.casees.Auto_1_Baidu_casees"/>
</testsuite> <!-- test1 -->
