<?xml version="1.0" encoding="UTF-8"?>
<!-- Generated by org.testng.reporters.JUnitXMLReporter -->
<testsuite hostname="PC-201702110318" ignored="0" name="test1" tests="3" failures="0" timestamp="17 五月 2018 12:52:08 GMT" time="72.067" errors="0">
  <testcase name="f" time="7.11" classname="com.tset.casees.Auto_1_Baidu_casees"/>
  <testcase name="f" time="6.238" classname="com.tset.casees.Auto_1_Baidu_casees"/>
  <testcase name="f" time="6.278" classname="com.tset.casees.Auto_1_Baidu_casees"/>
</testsuite> <!-- test1 -->
